2017-02-22 16:26:26 ERROR ReportingEngine:30 - Invalid instruction
 2017-02-22 16:26:26 ERROR ReportingEngine:51 - Instruction currency or settlement date is invalid
 2017-02-22 16:26:27 ERROR ReportingEngine:51 - Instruction currency or settlement date is invalid
 2017-02-22 16:28:12 INFO  ReportingEngineTest:189 - Buying/Outgoing Report: 
 2017-02-22 16:28:12 INFO  ReportingEngineTest:192 - Rank: 1: Instruction [instructionId=4, entity=gar, tradeAmount=14899.5, instructionType=B, agreedFX=0.22, currency=GBP, instructionDate=Tue Jan 05 16:28:12 GMT 2016, settlementDate=Mon Jan 04 16:28:12 GMT 2016, units=450, pricePerUnit=150.5]
 2017-02-22 16:28:12 INFO  ReportingEngineTest:192 - Rank: 2: Instruction [instructionId=10, entity=gar, tradeAmount=14899.5, instructionType=B, agreedFX=0.22, currency=GBP, instructionDate=Tue Jan 05 16:28:12 GMT 2016, settlementDate=Mon Jan 04 16:28:12 GMT 2016, units=450, pricePerUnit=150.5]
 2017-02-22 16:28:12 INFO  ReportingEngineTest:192 - Rank: 3: Instruction [instructionId=1, entity=foo, tradeAmount=10025.0, instructionType=B, agreedFX=0.5, currency=SAR, instructionDate=Fri Jan 01 16:28:12 GMT 2016, settlementDate=Sun Jan 03 16:28:12 GMT 2016, units=200, pricePerUnit=100.25]
 2017-02-22 16:28:12 INFO  ReportingEngineTest:192 - Rank: 4: Instruction [instructionId=5, entity=gar, tradeAmount=10025.0, instructionType=B, agreedFX=0.5, currency=GBP, instructionDate=Fri Jan 01 16:28:12 GMT 2016, settlementDate=Tue Jan 05 16:28:12 GMT 2016, units=200, pricePerUnit=100.25]
 2017-02-22 16:28:12 INFO  ReportingEngineTest:192 - Rank: 5: Instruction [instructionId=7, entity=foo, tradeAmount=10025.0, instructionType=B, agreedFX=0.5, currency=SAR, instructionDate=Fri Jan 01 16:28:12 GMT 2016, settlementDate=Mon Jan 04 16:28:12 GMT 2016, units=200, pricePerUnit=100.25]
 2017-02-22 16:28:12 INFO  ReportingEngineTest:192 - Rank: 6: Instruction [instructionId=11, entity=gar, tradeAmount=5012.5, instructionType=B, agreedFX=0.5, currency=GBP, instructionDate=Fri Jan 01 16:28:12 GMT 2016, settlementDate=Tue Jan 05 16:28:12 GMT 2016, units=100, pricePerUnit=100.25]
 2017-02-22 16:28:12 INFO  ReportingEngineTest:196 - Selling/Incoming Report: 
 2017-02-22 16:28:12 INFO  ReportingEngineTest:199 - Rank: 1: Instruction [instructionId=2, entity=bar, tradeAmount=14899.5, instructionType=S, agreedFX=0.22, currency=AED, instructionDate=Tue Jan 05 16:28:12 GMT 2016, settlementDate=Sun Jan 03 16:28:12 GMT 2016, units=450, pricePerUnit=150.5]
 2017-02-22 16:28:12 INFO  ReportingEngineTest:199 - Rank: 2: Instruction [instructionId=6, entity=foo, tradeAmount=14899.5, instructionType=S, agreedFX=0.22, currency=SAR, instructionDate=Tue Jan 05 16:28:12 GMT 2016, settlementDate=Tue Jan 05 16:28:12 GMT 2016, units=450, pricePerUnit=150.5]
 2017-02-22 16:28:12 INFO  ReportingEngineTest:199 - Rank: 3: Instruction [instructionId=8, entity=bar, tradeAmount=14899.5, instructionType=S, agreedFX=0.22, currency=AED, instructionDate=Tue Jan 05 16:28:12 GMT 2016, settlementDate=Mon Jan 04 16:28:12 GMT 2016, units=450, pricePerUnit=150.5]
 2017-02-22 16:28:12 INFO  ReportingEngineTest:199 - Rank: 4: Instruction [instructionId=12, entity=foo, tradeAmount=13244.0, instructionType=S, agreedFX=0.22, currency=SAR, instructionDate=Tue Jan 05 16:28:12 GMT 2016, settlementDate=Tue Jan 05 16:28:12 GMT 2016, units=400, pricePerUnit=150.5]
 2017-02-22 16:28:12 INFO  ReportingEngineTest:199 - Rank: 5: Instruction [instructionId=3, entity=tar, tradeAmount=10025.0, instructionType=S, agreedFX=0.5, currency=USD, instructionDate=Fri Jan 01 16:28:12 GMT 2016, settlementDate=Mon Jan 04 16:28:12 GMT 2016, units=200, pricePerUnit=100.25]
 2017-02-22 16:28:12 INFO  ReportingEngineTest:199 - Rank: 6: Instruction [instructionId=9, entity=tar, tradeAmount=10025.0, instructionType=S, agreedFX=0.5, currency=USD, instructionDate=Fri Jan 01 16:28:12 GMT 2016, settlementDate=Mon Jan 04 16:28:12 GMT 2016, units=200, pricePerUnit=100.25]
 2017-02-22 16:28:12 ERROR ReportingEngine:30 - Invalid instruction
 2017-02-22 16:28:12 INFO  ReportingEngineTest:298 - Report on : Mon Jan 04 16:28:12 GMT 2016
 2017-02-22 16:28:12 INFO  ReportingEngineTest:300 - Buying/Outgoing Report: 
 2017-02-22 16:28:12 INFO  ReportingEngineTest:304 - Rank: 1: Instruction [instructionId=4, entity=gar, tradeAmount=14899.5, instructionType=B, agreedFX=0.22, currency=GBP, instructionDate=Tue Jan 05 16:28:12 GMT 2016, settlementDate=Mon Jan 04 16:28:12 GMT 2016, units=450, pricePerUnit=150.5]
 2017-02-22 16:28:12 INFO  ReportingEngineTest:304 - Rank: 2: Instruction [instructionId=10, entity=gar, tradeAmount=14899.5, instructionType=B, agreedFX=0.22, currency=GBP, instructionDate=Tue Jan 05 16:28:12 GMT 2016, settlementDate=Mon Jan 04 16:28:12 GMT 2016, units=450, pricePerUnit=150.5]
 2017-02-22 16:28:12 INFO  ReportingEngineTest:304 - Rank: 3: Instruction [instructionId=7, entity=foo, tradeAmount=10025.0, instructionType=B, agreedFX=0.5, currency=SAR, instructionDate=Fri Jan 01 16:28:12 GMT 2016, settlementDate=Mon Jan 04 16:28:12 GMT 2016, units=200, pricePerUnit=100.25]
 2017-02-22 16:28:12 INFO  ReportingEngineTest:309 - Selling/Incoming Report: 
 2017-02-22 16:28:12 INFO  ReportingEngineTest:313 - Rank: 1: Instruction [instructionId=8, entity=bar, tradeAmount=14899.5, instructionType=S, agreedFX=0.22, currency=AED, instructionDate=Tue Jan 05 16:28:12 GMT 2016, settlementDate=Mon Jan 04 16:28:12 GMT 2016, units=450, pricePerUnit=150.5]
 2017-02-22 16:28:12 INFO  ReportingEngineTest:313 - Rank: 2: Instruction [instructionId=3, entity=tar, tradeAmount=10025.0, instructionType=S, agreedFX=0.5, currency=USD, instructionDate=Fri Jan 01 16:28:12 GMT 2016, settlementDate=Mon Jan 04 16:28:12 GMT 2016, units=200, pricePerUnit=100.25]
 2017-02-22 16:28:12 INFO  ReportingEngineTest:313 - Rank: 3: Instruction [instructionId=9, entity=tar, tradeAmount=10025.0, instructionType=S, agreedFX=0.5, currency=USD, instructionDate=Fri Jan 01 16:28:12 GMT 2016, settlementDate=Mon Jan 04 16:28:12 GMT 2016, units=200, pricePerUnit=100.25]
 2017-02-22 16:28:12 ERROR ReportingEngine:51 - Instruction currency or settlement date is invalid
 2017-02-22 16:28:12 ERROR ReportingEngine:51 - Instruction currency or settlement date is invalid
 2017-02-22 16:48:47 ERROR ReportingEngine:93 - Instruction Price Per Unit or unit or agreedFx is invalid
 2017-02-22 16:48:47 INFO  ReportingEngineTest:189 - Buying/Outgoing Report: 
 2017-02-22 16:48:47 INFO  ReportingEngineTest:192 - Rank: 1: Instruction [instructionId=4, entity=gar, tradeAmount=14899.5, instructionType=B, agreedFX=0.22, currency=GBP, instructionDate=Tue Jan 05 16:48:47 GMT 2016, settlementDate=Mon Jan 04 16:48:47 GMT 2016, units=450, pricePerUnit=150.5]
 2017-02-22 16:48:47 INFO  ReportingEngineTest:192 - Rank: 2: Instruction [instructionId=10, entity=gar, tradeAmount=14899.5, instructionType=B, agreedFX=0.22, currency=GBP, instructionDate=Tue Jan 05 16:48:47 GMT 2016, settlementDate=Mon Jan 04 16:48:47 GMT 2016, units=450, pricePerUnit=150.5]
 2017-02-22 16:48:47 INFO  ReportingEngineTest:192 - Rank: 3: Instruction [instructionId=1, entity=foo, tradeAmount=10025.0, instructionType=B, agreedFX=0.5, currency=SAR, instructionDate=Fri Jan 01 16:48:47 GMT 2016, settlementDate=Sun Jan 03 16:48:47 GMT 2016, units=200, pricePerUnit=100.25]
 2017-02-22 16:48:47 INFO  ReportingEngineTest:192 - Rank: 4: Instruction [instructionId=5, entity=gar, tradeAmount=10025.0, instructionType=B, agreedFX=0.5, currency=GBP, instructionDate=Fri Jan 01 16:48:47 GMT 2016, settlementDate=Tue Jan 05 16:48:47 GMT 2016, units=200, pricePerUnit=100.25]
 2017-02-22 16:48:47 INFO  ReportingEngineTest:192 - Rank: 5: Instruction [instructionId=7, entity=foo, tradeAmount=10025.0, instructionType=B, agreedFX=0.5, currency=SAR, instructionDate=Fri Jan 01 16:48:47 GMT 2016, settlementDate=Mon Jan 04 16:48:47 GMT 2016, units=200, pricePerUnit=100.25]
 2017-02-22 16:48:47 INFO  ReportingEngineTest:192 - Rank: 6: Instruction [instructionId=11, entity=gar, tradeAmount=5012.5, instructionType=B, agreedFX=0.5, currency=GBP, instructionDate=Fri Jan 01 16:48:47 GMT 2016, settlementDate=Tue Jan 05 16:48:47 GMT 2016, units=100, pricePerUnit=100.25]
 2017-02-22 16:48:47 INFO  ReportingEngineTest:196 - Selling/Incoming Report: 
 2017-02-22 16:48:47 INFO  ReportingEngineTest:199 - Rank: 1: Instruction [instructionId=2, entity=bar, tradeAmount=14899.5, instructionType=S, agreedFX=0.22, currency=AED, instructionDate=Tue Jan 05 16:48:47 GMT 2016, settlementDate=Sun Jan 03 16:48:47 GMT 2016, units=450, pricePerUnit=150.5]
 2017-02-22 16:48:47 INFO  ReportingEngineTest:199 - Rank: 2: Instruction [instructionId=6, entity=foo, tradeAmount=14899.5, instructionType=S, agreedFX=0.22, currency=SAR, instructionDate=Tue Jan 05 16:48:47 GMT 2016, settlementDate=Tue Jan 05 16:48:47 GMT 2016, units=450, pricePerUnit=150.5]
 2017-02-22 16:48:47 INFO  ReportingEngineTest:199 - Rank: 3: Instruction [instructionId=8, entity=bar, tradeAmount=14899.5, instructionType=S, agreedFX=0.22, currency=AED, instructionDate=Tue Jan 05 16:48:47 GMT 2016, settlementDate=Mon Jan 04 16:48:47 GMT 2016, units=450, pricePerUnit=150.5]
 2017-02-22 16:48:47 INFO  ReportingEngineTest:199 - Rank: 4: Instruction [instructionId=12, entity=foo, tradeAmount=13244.0, instructionType=S, agreedFX=0.22, currency=SAR, instructionDate=Tue Jan 05 16:48:47 GMT 2016, settlementDate=Tue Jan 05 16:48:47 GMT 2016, units=400, pricePerUnit=150.5]
 2017-02-22 16:48:47 INFO  ReportingEngineTest:199 - Rank: 5: Instruction [instructionId=3, entity=tar, tradeAmount=10025.0, instructionType=S, agreedFX=0.5, currency=USD, instructionDate=Fri Jan 01 16:48:47 GMT 2016, settlementDate=Mon Jan 04 16:48:47 GMT 2016, units=200, pricePerUnit=100.25]
 2017-02-22 16:48:47 INFO  ReportingEngineTest:199 - Rank: 6: Instruction [instructionId=9, entity=tar, tradeAmount=10025.0, instructionType=S, agreedFX=0.5, currency=USD, instructionDate=Fri Jan 01 16:48:47 GMT 2016, settlementDate=Mon Jan 04 16:48:47 GMT 2016, units=200, pricePerUnit=100.25]
 2017-02-22 16:48:47 ERROR ReportingEngine:93 - Instruction Price Per Unit or unit or agreedFx is invalid
 2017-02-22 16:48:47 ERROR ReportingEngine:93 - Instruction Price Per Unit or unit or agreedFx is invalid
 2017-02-22 16:48:47 ERROR ReportingEngine:31 - Instruction is null or emprty
 2017-02-22 16:48:47 INFO  ReportingEngineTest:298 - Report on : Mon Jan 04 16:48:47 GMT 2016
 2017-02-22 16:48:47 INFO  ReportingEngineTest:300 - Buying/Outgoing Report: 
 2017-02-22 16:48:47 INFO  ReportingEngineTest:304 - Rank: 1: Instruction [instructionId=10, entity=gar, tradeAmount=14899.5, instructionType=B, agreedFX=0.22, currency=GBP, instructionDate=Tue Jan 05 16:48:47 GMT 2016, settlementDate=Mon Jan 04 16:48:47 GMT 2016, units=450, pricePerUnit=150.5]
 2017-02-22 16:48:47 INFO  ReportingEngineTest:309 - Selling/Incoming Report: 
 2017-02-22 16:48:47 ERROR ReportingEngine:52 - Instruction currency or settlement date is invalid
 2017-02-22 16:48:47 ERROR ReportingEngine:52 - Instruction currency or settlement date is invalid
 2017-02-22 16:50:27 ERROR ReportingEngine:93 - Instruction Price Per Unit or unit or agreedFx is invalid
 2017-02-22 16:50:27 INFO  ReportingEngineTest:189 - Buying/Outgoing Report: 
 2017-02-22 16:50:27 INFO  ReportingEngineTest:192 - Rank: 1: Instruction [instructionId=4, entity=gar, tradeAmount=14899.5, instructionType=B, agreedFX=0.22, currency=GBP, instructionDate=Tue Jan 05 16:50:27 GMT 2016, settlementDate=Mon Jan 04 16:50:27 GMT 2016, units=450, pricePerUnit=150.5]
 2017-02-22 16:50:27 INFO  ReportingEngineTest:192 - Rank: 2: Instruction [instructionId=10, entity=gar, tradeAmount=14899.5, instructionType=B, agreedFX=0.22, currency=GBP, instructionDate=Tue Jan 05 16:50:27 GMT 2016, settlementDate=Mon Jan 04 16:50:27 GMT 2016, units=450, pricePerUnit=150.5]
 2017-02-22 16:50:27 INFO  ReportingEngineTest:192 - Rank: 3: Instruction [instructionId=1, entity=foo, tradeAmount=10025.0, instructionType=B, agreedFX=0.5, currency=SAR, instructionDate=Fri Jan 01 16:50:27 GMT 2016, settlementDate=Sun Jan 03 16:50:27 GMT 2016, units=200, pricePerUnit=100.25]
 2017-02-22 16:50:27 INFO  ReportingEngineTest:192 - Rank: 4: Instruction [instructionId=5, entity=gar, tradeAmount=10025.0, instructionType=B, agreedFX=0.5, currency=GBP, instructionDate=Fri Jan 01 16:50:27 GMT 2016, settlementDate=Tue Jan 05 16:50:27 GMT 2016, units=200, pricePerUnit=100.25]
 2017-02-22 16:50:27 INFO  ReportingEngineTest:192 - Rank: 5: Instruction [instructionId=7, entity=foo, tradeAmount=10025.0, instructionType=B, agreedFX=0.5, currency=SAR, instructionDate=Fri Jan 01 16:50:27 GMT 2016, settlementDate=Mon Jan 04 16:50:27 GMT 2016, units=200, pricePerUnit=100.25]
 2017-02-22 16:50:27 INFO  ReportingEngineTest:192 - Rank: 6: Instruction [instructionId=11, entity=gar, tradeAmount=5012.5, instructionType=B, agreedFX=0.5, currency=GBP, instructionDate=Fri Jan 01 16:50:27 GMT 2016, settlementDate=Tue Jan 05 16:50:27 GMT 2016, units=100, pricePerUnit=100.25]
 2017-02-22 16:50:27 INFO  ReportingEngineTest:196 - Selling/Incoming Report: 
 2017-02-22 16:50:27 INFO  ReportingEngineTest:199 - Rank: 1: Instruction [instructionId=2, entity=bar, tradeAmount=14899.5, instructionType=S, agreedFX=0.22, currency=AED, instructionDate=Tue Jan 05 16:50:27 GMT 2016, settlementDate=Sun Jan 03 16:50:27 GMT 2016, units=450, pricePerUnit=150.5]
 2017-02-22 16:50:27 INFO  ReportingEngineTest:199 - Rank: 2: Instruction [instructionId=6, entity=foo, tradeAmount=14899.5, instructionType=S, agreedFX=0.22, currency=SAR, instructionDate=Tue Jan 05 16:50:27 GMT 2016, settlementDate=Tue Jan 05 16:50:27 GMT 2016, units=450, pricePerUnit=150.5]
 2017-02-22 16:50:27 INFO  ReportingEngineTest:199 - Rank: 3: Instruction [instructionId=8, entity=bar, tradeAmount=14899.5, instructionType=S, agreedFX=0.22, currency=AED, instructionDate=Tue Jan 05 16:50:27 GMT 2016, settlementDate=Mon Jan 04 16:50:27 GMT 2016, units=450, pricePerUnit=150.5]
 2017-02-22 16:50:27 INFO  ReportingEngineTest:199 - Rank: 4: Instruction [instructionId=12, entity=foo, tradeAmount=13244.0, instructionType=S, agreedFX=0.22, currency=SAR, instructionDate=Tue Jan 05 16:50:27 GMT 2016, settlementDate=Tue Jan 05 16:50:27 GMT 2016, units=400, pricePerUnit=150.5]
 2017-02-22 16:50:27 INFO  ReportingEngineTest:199 - Rank: 5: Instruction [instructionId=3, entity=tar, tradeAmount=10025.0, instructionType=S, agreedFX=0.5, currency=USD, instructionDate=Fri Jan 01 16:50:27 GMT 2016, settlementDate=Mon Jan 04 16:50:27 GMT 2016, units=200, pricePerUnit=100.25]
 2017-02-22 16:50:27 INFO  ReportingEngineTest:199 - Rank: 6: Instruction [instructionId=9, entity=tar, tradeAmount=10025.0, instructionType=S, agreedFX=0.5, currency=USD, instructionDate=Fri Jan 01 16:50:27 GMT 2016, settlementDate=Mon Jan 04 16:50:27 GMT 2016, units=200, pricePerUnit=100.25]
 2017-02-22 16:50:27 ERROR ReportingEngine:93 - Instruction Price Per Unit or unit or agreedFx is invalid
 2017-02-22 16:50:27 ERROR ReportingEngine:93 - Instruction Price Per Unit or unit or agreedFx is invalid
 2017-02-22 16:50:27 ERROR ReportingEngine:31 - Instruction is null or emprty
 2017-02-22 16:50:27 INFO  ReportingEngineTest:298 - Report on : Mon Jan 04 16:50:27 GMT 2016
 2017-02-22 16:50:27 INFO  ReportingEngineTest:300 - Buying/Outgoing Report: 
 2017-02-22 16:50:27 INFO  ReportingEngineTest:304 - Rank: 1: Instruction [instructionId=4, entity=gar, tradeAmount=14899.5, instructionType=B, agreedFX=0.22, currency=GBP, instructionDate=Tue Jan 05 16:50:27 GMT 2016, settlementDate=Mon Jan 04 16:50:27 GMT 2016, units=450, pricePerUnit=150.5]
 2017-02-22 16:50:27 INFO  ReportingEngineTest:304 - Rank: 2: Instruction [instructionId=10, entity=gar, tradeAmount=14899.5, instructionType=B, agreedFX=0.22, currency=GBP, instructionDate=Tue Jan 05 16:50:27 GMT 2016, settlementDate=Mon Jan 04 16:50:27 GMT 2016, units=450, pricePerUnit=150.5]
 2017-02-22 16:50:27 INFO  ReportingEngineTest:304 - Rank: 3: Instruction [instructionId=7, entity=foo, tradeAmount=10025.0, instructionType=B, agreedFX=0.5, currency=SAR, instructionDate=Fri Jan 01 16:50:27 GMT 2016, settlementDate=Mon Jan 04 16:50:27 GMT 2016, units=200, pricePerUnit=100.25]
 2017-02-22 16:50:27 INFO  ReportingEngineTest:309 - Selling/Incoming Report: 
 2017-02-22 16:50:27 INFO  ReportingEngineTest:313 - Rank: 1: Instruction [instructionId=8, entity=bar, tradeAmount=14899.5, instructionType=S, agreedFX=0.22, currency=AED, instructionDate=Tue Jan 05 16:50:27 GMT 2016, settlementDate=Mon Jan 04 16:50:27 GMT 2016, units=450, pricePerUnit=150.5]
 2017-02-22 16:50:27 INFO  ReportingEngineTest:313 - Rank: 2: Instruction [instructionId=3, entity=tar, tradeAmount=10025.0, instructionType=S, agreedFX=0.5, currency=USD, instructionDate=Fri Jan 01 16:50:27 GMT 2016, settlementDate=Mon Jan 04 16:50:27 GMT 2016, units=200, pricePerUnit=100.25]
 2017-02-22 16:50:27 INFO  ReportingEngineTest:313 - Rank: 3: Instruction [instructionId=9, entity=tar, tradeAmount=10025.0, instructionType=S, agreedFX=0.5, currency=USD, instructionDate=Fri Jan 01 16:50:27 GMT 2016, settlementDate=Mon Jan 04 16:50:27 GMT 2016, units=200, pricePerUnit=100.25]
 2017-02-22 16:50:27 ERROR ReportingEngine:52 - Instruction currency or settlement date is invalid
 2017-02-22 16:50:27 ERROR ReportingEngine:52 - Instruction currency or settlement date is invalid
 2017-02-22 20:17:13 ERROR ReportingEngine:93 - Instruction Price Per Unit or unit or agreedFx is invalid
 2017-02-22 20:17:13 INFO  ReportingEngineTest:189 - Buying/Outgoing Report: 
 2017-02-22 20:17:13 INFO  ReportingEngineTest:192 - Rank: 1: Instruction [instructionId=4, entity=gar, tradeAmount=14899.5, instructionType=B, agreedFX=0.22, currency=GBP, instructionDate=Tue Jan 05 20:17:13 GMT 2016, settlementDate=Mon Jan 04 20:17:13 GMT 2016, units=450, pricePerUnit=150.5]
 2017-02-22 20:17:13 INFO  ReportingEngineTest:192 - Rank: 2: Instruction [instructionId=10, entity=gar, tradeAmount=14899.5, instructionType=B, agreedFX=0.22, currency=GBP, instructionDate=Tue Jan 05 20:17:13 GMT 2016, settlementDate=Mon Jan 04 20:17:13 GMT 2016, units=450, pricePerUnit=150.5]
 2017-02-22 20:17:13 INFO  ReportingEngineTest:192 - Rank: 3: Instruction [instructionId=1, entity=foo, tradeAmount=10025.0, instructionType=B, agreedFX=0.5, currency=SAR, instructionDate=Fri Jan 01 20:17:13 GMT 2016, settlementDate=Sun Jan 03 20:17:13 GMT 2016, units=200, pricePerUnit=100.25]
 2017-02-22 20:17:13 INFO  ReportingEngineTest:192 - Rank: 4: Instruction [instructionId=5, entity=gar, tradeAmount=10025.0, instructionType=B, agreedFX=0.5, currency=GBP, instructionDate=Fri Jan 01 20:17:13 GMT 2016, settlementDate=Tue Jan 05 20:17:13 GMT 2016, units=200, pricePerUnit=100.25]
 2017-02-22 20:17:13 INFO  ReportingEngineTest:192 - Rank: 5: Instruction [instructionId=7, entity=foo, tradeAmount=10025.0, instructionType=B, agreedFX=0.5, currency=SAR, instructionDate=Fri Jan 01 20:17:13 GMT 2016, settlementDate=Mon Jan 04 20:17:13 GMT 2016, units=200, pricePerUnit=100.25]
 2017-02-22 20:17:13 INFO  ReportingEngineTest:192 - Rank: 6: Instruction [instructionId=11, entity=gar, tradeAmount=5012.5, instructionType=B, agreedFX=0.5, currency=GBP, instructionDate=Fri Jan 01 20:17:13 GMT 2016, settlementDate=Tue Jan 05 20:17:13 GMT 2016, units=100, pricePerUnit=100.25]
 2017-02-22 20:17:13 INFO  ReportingEngineTest:196 - Selling/Incoming Report: 
 2017-02-22 20:17:13 INFO  ReportingEngineTest:199 - Rank: 1: Instruction [instructionId=2, entity=bar, tradeAmount=14899.5, instructionType=S, agreedFX=0.22, currency=AED, instructionDate=Tue Jan 05 20:17:13 GMT 2016, settlementDate=Sun Jan 03 20:17:13 GMT 2016, units=450, pricePerUnit=150.5]
 2017-02-22 20:17:13 INFO  ReportingEngineTest:199 - Rank: 2: Instruction [instructionId=6, entity=foo, tradeAmount=14899.5, instructionType=S, agreedFX=0.22, currency=SAR, instructionDate=Tue Jan 05 20:17:13 GMT 2016, settlementDate=Tue Jan 05 20:17:13 GMT 2016, units=450, pricePerUnit=150.5]
 2017-02-22 20:17:13 INFO  ReportingEngineTest:199 - Rank: 3: Instruction [instructionId=8, entity=bar, tradeAmount=14899.5, instructionType=S, agreedFX=0.22, currency=AED, instructionDate=Tue Jan 05 20:17:13 GMT 2016, settlementDate=Mon Jan 04 20:17:13 GMT 2016, units=450, pricePerUnit=150.5]
 2017-02-22 20:17:13 INFO  ReportingEngineTest:199 - Rank: 4: Instruction [instructionId=12, entity=foo, tradeAmount=13244.0, instructionType=S, agreedFX=0.22, currency=SAR, instructionDate=Tue Jan 05 20:17:13 GMT 2016, settlementDate=Tue Jan 05 20:17:13 GMT 2016, units=400, pricePerUnit=150.5]
 2017-02-22 20:17:13 INFO  ReportingEngineTest:199 - Rank: 5: Instruction [instructionId=3, entity=tar, tradeAmount=10025.0, instructionType=S, agreedFX=0.5, currency=USD, instructionDate=Fri Jan 01 20:17:13 GMT 2016, settlementDate=Mon Jan 04 20:17:13 GMT 2016, units=200, pricePerUnit=100.25]
 2017-02-22 20:17:13 INFO  ReportingEngineTest:199 - Rank: 6: Instruction [instructionId=9, entity=tar, tradeAmount=10025.0, instructionType=S, agreedFX=0.5, currency=USD, instructionDate=Fri Jan 01 20:17:13 GMT 2016, settlementDate=Mon Jan 04 20:17:13 GMT 2016, units=200, pricePerUnit=100.25]
 2017-02-22 20:17:13 ERROR ReportingEngine:93 - Instruction Price Per Unit or unit or agreedFx is invalid
 2017-02-22 20:17:13 ERROR ReportingEngine:93 - Instruction Price Per Unit or unit or agreedFx is invalid
 2017-02-22 20:17:13 ERROR ReportingEngine:31 - Instruction is null or emprty
 2017-02-22 20:17:13 INFO  ReportingEngineTest:298 - Report on : Mon Jan 04 20:17:13 GMT 2016
 2017-02-22 20:17:13 INFO  ReportingEngineTest:300 - Buying/Outgoing Report: 
 2017-02-22 20:17:13 INFO  ReportingEngineTest:304 - Rank: 1: Instruction [instructionId=4, entity=gar, tradeAmount=14899.5, instructionType=B, agreedFX=0.22, currency=GBP, instructionDate=Tue Jan 05 20:17:13 GMT 2016, settlementDate=Mon Jan 04 20:17:13 GMT 2016, units=450, pricePerUnit=150.5]
 2017-02-22 20:17:13 INFO  ReportingEngineTest:304 - Rank: 2: Instruction [instructionId=10, entity=gar, tradeAmount=14899.5, instructionType=B, agreedFX=0.22, currency=GBP, instructionDate=Tue Jan 05 20:17:13 GMT 2016, settlementDate=Mon Jan 04 20:17:13 GMT 2016, units=450, pricePerUnit=150.5]
 2017-02-22 20:17:13 INFO  ReportingEngineTest:304 - Rank: 3: Instruction [instructionId=7, entity=foo, tradeAmount=10025.0, instructionType=B, agreedFX=0.5, currency=SAR, instructionDate=Fri Jan 01 20:17:13 GMT 2016, settlementDate=Mon Jan 04 20:17:13 GMT 2016, units=200, pricePerUnit=100.25]
 2017-02-22 20:17:13 INFO  ReportingEngineTest:309 - Selling/Incoming Report: 
 2017-02-22 20:17:13 INFO  ReportingEngineTest:313 - Rank: 1: Instruction [instructionId=8, entity=bar, tradeAmount=14899.5, instructionType=S, agreedFX=0.22, currency=AED, instructionDate=Tue Jan 05 20:17:13 GMT 2016, settlementDate=Mon Jan 04 20:17:13 GMT 2016, units=450, pricePerUnit=150.5]
 2017-02-22 20:17:13 INFO  ReportingEngineTest:313 - Rank: 2: Instruction [instructionId=3, entity=tar, tradeAmount=10025.0, instructionType=S, agreedFX=0.5, currency=USD, instructionDate=Fri Jan 01 20:17:13 GMT 2016, settlementDate=Mon Jan 04 20:17:13 GMT 2016, units=200, pricePerUnit=100.25]
 2017-02-22 20:17:13 INFO  ReportingEngineTest:313 - Rank: 3: Instruction [instructionId=9, entity=tar, tradeAmount=10025.0, instructionType=S, agreedFX=0.5, currency=USD, instructionDate=Fri Jan 01 20:17:13 GMT 2016, settlementDate=Mon Jan 04 20:17:13 GMT 2016, units=200, pricePerUnit=100.25]
 2017-02-22 20:17:13 ERROR ReportingEngine:52 - Instruction currency or settlement date is invalid
 2017-02-22 20:17:13 ERROR ReportingEngine:52 - Instruction currency or settlement date is invalid
 2017-02-22 20:17:44 ERROR ReportingEngine:93 - Instruction Price Per Unit or unit or agreedFx is invalid
 2017-02-22 20:17:44 INFO  ReportingEngineTest:189 - Buying/Outgoing Report: 
 2017-02-22 20:17:44 INFO  ReportingEngineTest:192 - Rank: 1: Instruction [instructionId=4, entity=gar, tradeAmount=14899.5, instructionType=B, agreedFX=0.22, currency=GBP, instructionDate=Tue Jan 05 20:17:44 GMT 2016, settlementDate=Mon Jan 04 20:17:44 GMT 2016, units=450, pricePerUnit=150.5]
 2017-02-22 20:17:44 INFO  ReportingEngineTest:192 - Rank: 2: Instruction [instructionId=10, entity=gar, tradeAmount=14899.5, instructionType=B, agreedFX=0.22, currency=GBP, instructionDate=Tue Jan 05 20:17:44 GMT 2016, settlementDate=Mon Jan 04 20:17:44 GMT 2016, units=450, pricePerUnit=150.5]
 2017-02-22 20:17:44 INFO  ReportingEngineTest:192 - Rank: 3: Instruction [instructionId=1, entity=foo, tradeAmount=10025.0, instructionType=B, agreedFX=0.5, currency=SAR, instructionDate=Fri Jan 01 20:17:44 GMT 2016, settlementDate=Sun Jan 03 20:17:44 GMT 2016, units=200, pricePerUnit=100.25]
 2017-02-22 20:17:44 INFO  ReportingEngineTest:192 - Rank: 4: Instruction [instructionId=5, entity=gar, tradeAmount=10025.0, instructionType=B, agreedFX=0.5, currency=GBP, instructionDate=Fri Jan 01 20:17:44 GMT 2016, settlementDate=Tue Jan 05 20:17:44 GMT 2016, units=200, pricePerUnit=100.25]
 2017-02-22 20:17:44 INFO  ReportingEngineTest:192 - Rank: 5: Instruction [instructionId=7, entity=foo, tradeAmount=10025.0, instructionType=B, agreedFX=0.5, currency=SAR, instructionDate=Fri Jan 01 20:17:44 GMT 2016, settlementDate=Mon Jan 04 20:17:44 GMT 2016, units=200, pricePerUnit=100.25]
 2017-02-22 20:17:44 INFO  ReportingEngineTest:192 - Rank: 6: Instruction [instructionId=11, entity=gar, tradeAmount=5012.5, instructionType=B, agreedFX=0.5, currency=GBP, instructionDate=Fri Jan 01 20:17:44 GMT 2016, settlementDate=Tue Jan 05 20:17:44 GMT 2016, units=100, pricePerUnit=100.25]
 2017-02-22 20:17:44 INFO  ReportingEngineTest:196 - Selling/Incoming Report: 
 2017-02-22 20:17:44 INFO  ReportingEngineTest:199 - Rank: 1: Instruction [instructionId=2, entity=bar, tradeAmount=14899.5, instructionType=S, agreedFX=0.22, currency=AED, instructionDate=Tue Jan 05 20:17:44 GMT 2016, settlementDate=Sun Jan 03 20:17:44 GMT 2016, units=450, pricePerUnit=150.5]
 2017-02-22 20:17:44 INFO  ReportingEngineTest:199 - Rank: 2: Instruction [instructionId=6, entity=foo, tradeAmount=14899.5, instructionType=S, agreedFX=0.22, currency=SAR, instructionDate=Tue Jan 05 20:17:44 GMT 2016, settlementDate=Tue Jan 05 20:17:44 GMT 2016, units=450, pricePerUnit=150.5]
 2017-02-22 20:17:44 INFO  ReportingEngineTest:199 - Rank: 3: Instruction [instructionId=8, entity=bar, tradeAmount=14899.5, instructionType=S, agreedFX=0.22, currency=AED, instructionDate=Tue Jan 05 20:17:44 GMT 2016, settlementDate=Mon Jan 04 20:17:44 GMT 2016, units=450, pricePerUnit=150.5]
 2017-02-22 20:17:44 INFO  ReportingEngineTest:199 - Rank: 4: Instruction [instructionId=12, entity=foo, tradeAmount=13244.0, instructionType=S, agreedFX=0.22, currency=SAR, instructionDate=Tue Jan 05 20:17:44 GMT 2016, settlementDate=Tue Jan 05 20:17:44 GMT 2016, units=400, pricePerUnit=150.5]
 2017-02-22 20:17:44 INFO  ReportingEngineTest:199 - Rank: 5: Instruction [instructionId=3, entity=tar, tradeAmount=10025.0, instructionType=S, agreedFX=0.5, currency=USD, instructionDate=Fri Jan 01 20:17:44 GMT 2016, settlementDate=Mon Jan 04 20:17:44 GMT 2016, units=200, pricePerUnit=100.25]
 2017-02-22 20:17:44 INFO  ReportingEngineTest:199 - Rank: 6: Instruction [instructionId=9, entity=tar, tradeAmount=10025.0, instructionType=S, agreedFX=0.5, currency=USD, instructionDate=Fri Jan 01 20:17:44 GMT 2016, settlementDate=Mon Jan 04 20:17:44 GMT 2016, units=200, pricePerUnit=100.25]
 2017-02-22 20:17:44 ERROR ReportingEngine:93 - Instruction Price Per Unit or unit or agreedFx is invalid
 2017-02-22 20:17:44 ERROR ReportingEngine:93 - Instruction Price Per Unit or unit or agreedFx is invalid
 2017-02-22 20:17:44 ERROR ReportingEngine:31 - Instruction is null or emprty
 2017-02-22 20:17:44 INFO  ReportingEngineTest:298 - Report on : Mon Jan 04 20:17:44 GMT 2016
 2017-02-22 20:17:44 INFO  ReportingEngineTest:300 - Buying/Outgoing Report: 
 2017-02-22 20:17:44 INFO  ReportingEngineTest:304 - Rank: 1: Instruction [instructionId=4, entity=gar, tradeAmount=14899.5, instructionType=B, agreedFX=0.22, currency=GBP, instructionDate=Tue Jan 05 20:17:44 GMT 2016, settlementDate=Mon Jan 04 20:17:44 GMT 2016, units=450, pricePerUnit=150.5]
 2017-02-22 20:17:44 INFO  ReportingEngineTest:304 - Rank: 2: Instruction [instructionId=10, entity=gar, tradeAmount=14899.5, instructionType=B, agreedFX=0.22, currency=GBP, instructionDate=Tue Jan 05 20:17:44 GMT 2016, settlementDate=Mon Jan 04 20:17:44 GMT 2016, units=450, pricePerUnit=150.5]
 2017-02-22 20:17:44 INFO  ReportingEngineTest:304 - Rank: 3: Instruction [instructionId=7, entity=foo, tradeAmount=10025.0, instructionType=B, agreedFX=0.5, currency=SAR, instructionDate=Fri Jan 01 20:17:44 GMT 2016, settlementDate=Mon Jan 04 20:17:44 GMT 2016, units=200, pricePerUnit=100.25]
 2017-02-22 20:17:44 INFO  ReportingEngineTest:309 - Selling/Incoming Report: 
 2017-02-22 20:17:44 INFO  ReportingEngineTest:313 - Rank: 1: Instruction [instructionId=8, entity=bar, tradeAmount=14899.5, instructionType=S, agreedFX=0.22, currency=AED, instructionDate=Tue Jan 05 20:17:44 GMT 2016, settlementDate=Mon Jan 04 20:17:44 GMT 2016, units=450, pricePerUnit=150.5]
 2017-02-22 20:17:44 INFO  ReportingEngineTest:313 - Rank: 2: Instruction [instructionId=3, entity=tar, tradeAmount=10025.0, instructionType=S, agreedFX=0.5, currency=USD, instructionDate=Fri Jan 01 20:17:44 GMT 2016, settlementDate=Mon Jan 04 20:17:44 GMT 2016, units=200, pricePerUnit=100.25]
 2017-02-22 20:17:44 INFO  ReportingEngineTest:313 - Rank: 3: Instruction [instructionId=9, entity=tar, tradeAmount=10025.0, instructionType=S, agreedFX=0.5, currency=USD, instructionDate=Fri Jan 01 20:17:44 GMT 2016, settlementDate=Mon Jan 04 20:17:44 GMT 2016, units=200, pricePerUnit=100.25]
 2017-02-22 20:17:44 ERROR ReportingEngine:52 - Instruction currency or settlement date is invalid
 2017-02-22 20:17:44 ERROR ReportingEngine:52 - Instruction currency or settlement date is invalid
 2017-02-22 20:19:01 ERROR ReportingEngine:93 - Instruction Price Per Unit or unit or agreedFx is invalid
 2017-02-22 20:19:01 INFO  ReportingEngineTest:189 - Buying/Outgoing Report: 
 2017-02-22 20:19:01 INFO  ReportingEngineTest:192 - Rank: 1: Instruction [instructionId=4, entity=gar, tradeAmount=14899.5, instructionType=B, agreedFX=0.22, currency=GBP, instructionDate=Tue Jan 05 20:19:01 GMT 2016, settlementDate=Mon Jan 04 20:19:01 GMT 2016, units=450, pricePerUnit=150.5]
 2017-02-22 20:19:01 INFO  ReportingEngineTest:192 - Rank: 2: Instruction [instructionId=10, entity=gar, tradeAmount=14899.5, instructionType=B, agreedFX=0.22, currency=GBP, instructionDate=Tue Jan 05 20:19:01 GMT 2016, settlementDate=Mon Jan 04 20:19:01 GMT 2016, units=450, pricePerUnit=150.5]
 2017-02-22 20:19:01 INFO  ReportingEngineTest:192 - Rank: 3: Instruction [instructionId=1, entity=foo, tradeAmount=10025.0, instructionType=B, agreedFX=0.5, currency=SAR, instructionDate=Fri Jan 01 20:19:01 GMT 2016, settlementDate=Sun Jan 03 20:19:01 GMT 2016, units=200, pricePerUnit=100.25]
 2017-02-22 20:19:01 INFO  ReportingEngineTest:192 - Rank: 4: Instruction [instructionId=5, entity=gar, tradeAmount=10025.0, instructionType=B, agreedFX=0.5, currency=GBP, instructionDate=Fri Jan 01 20:19:01 GMT 2016, settlementDate=Tue Jan 05 20:19:01 GMT 2016, units=200, pricePerUnit=100.25]
 2017-02-22 20:19:01 INFO  ReportingEngineTest:192 - Rank: 5: Instruction [instructionId=7, entity=foo, tradeAmount=10025.0, instructionType=B, agreedFX=0.5, currency=SAR, instructionDate=Fri Jan 01 20:19:01 GMT 2016, settlementDate=Mon Jan 04 20:19:01 GMT 2016, units=200, pricePerUnit=100.25]
 2017-02-22 20:19:01 INFO  ReportingEngineTest:192 - Rank: 6: Instruction [instructionId=11, entity=gar, tradeAmount=5012.5, instructionType=B, agreedFX=0.5, currency=GBP, instructionDate=Fri Jan 01 20:19:01 GMT 2016, settlementDate=Tue Jan 05 20:19:01 GMT 2016, units=100, pricePerUnit=100.25]
 2017-02-22 20:19:01 INFO  ReportingEngineTest:196 - Selling/Incoming Report: 
 2017-02-22 20:19:01 INFO  ReportingEngineTest:199 - Rank: 1: Instruction [instructionId=2, entity=bar, tradeAmount=14899.5, instructionType=S, agreedFX=0.22, currency=AED, instructionDate=Tue Jan 05 20:19:01 GMT 2016, settlementDate=Sun Jan 03 20:19:01 GMT 2016, units=450, pricePerUnit=150.5]
 2017-02-22 20:19:01 INFO  ReportingEngineTest:199 - Rank: 2: Instruction [instructionId=6, entity=foo, tradeAmount=14899.5, instructionType=S, agreedFX=0.22, currency=SAR, instructionDate=Tue Jan 05 20:19:01 GMT 2016, settlementDate=Tue Jan 05 20:19:01 GMT 2016, units=450, pricePerUnit=150.5]
 2017-02-22 20:19:01 INFO  ReportingEngineTest:199 - Rank: 3: Instruction [instructionId=8, entity=bar, tradeAmount=14899.5, instructionType=S, agreedFX=0.22, currency=AED, instructionDate=Tue Jan 05 20:19:01 GMT 2016, settlementDate=Mon Jan 04 20:19:01 GMT 2016, units=450, pricePerUnit=150.5]
 2017-02-22 20:19:01 INFO  ReportingEngineTest:199 - Rank: 4: Instruction [instructionId=12, entity=foo, tradeAmount=13244.0, instructionType=S, agreedFX=0.22, currency=SAR, instructionDate=Tue Jan 05 20:19:01 GMT 2016, settlementDate=Tue Jan 05 20:19:01 GMT 2016, units=400, pricePerUnit=150.5]
 2017-02-22 20:19:01 INFO  ReportingEngineTest:199 - Rank: 5: Instruction [instructionId=3, entity=tar, tradeAmount=10025.0, instructionType=S, agreedFX=0.5, currency=USD, instructionDate=Fri Jan 01 20:19:01 GMT 2016, settlementDate=Mon Jan 04 20:19:01 GMT 2016, units=200, pricePerUnit=100.25]
 2017-02-22 20:19:01 INFO  ReportingEngineTest:199 - Rank: 6: Instruction [instructionId=9, entity=tar, tradeAmount=10025.0, instructionType=S, agreedFX=0.5, currency=USD, instructionDate=Fri Jan 01 20:19:01 GMT 2016, settlementDate=Mon Jan 04 20:19:01 GMT 2016, units=200, pricePerUnit=100.25]
 2017-02-22 20:19:01 ERROR ReportingEngine:93 - Instruction Price Per Unit or unit or agreedFx is invalid
 2017-02-22 20:19:01 ERROR ReportingEngine:93 - Instruction Price Per Unit or unit or agreedFx is invalid
 2017-02-22 20:19:01 ERROR ReportingEngine:31 - Instruction is null or emprty
 2017-02-22 20:19:01 INFO  ReportingEngineTest:298 - Report on : Mon Jan 04 20:19:01 GMT 2016
 2017-02-22 20:19:01 INFO  ReportingEngineTest:300 - Buying/Outgoing Report: 
 2017-02-22 20:19:01 INFO  ReportingEngineTest:304 - Rank: 1: Instruction [instructionId=4, entity=gar, tradeAmount=14899.5, instructionType=B, agreedFX=0.22, currency=GBP, instructionDate=Tue Jan 05 20:19:01 GMT 2016, settlementDate=Mon Jan 04 20:19:01 GMT 2016, units=450, pricePerUnit=150.5]
 2017-02-22 20:19:01 INFO  ReportingEngineTest:304 - Rank: 2: Instruction [instructionId=10, entity=gar, tradeAmount=14899.5, instructionType=B, agreedFX=0.22, currency=GBP, instructionDate=Tue Jan 05 20:19:01 GMT 2016, settlementDate=Mon Jan 04 20:19:01 GMT 2016, units=450, pricePerUnit=150.5]
 2017-02-22 20:19:01 INFO  ReportingEngineTest:304 - Rank: 3: Instruction [instructionId=7, entity=foo, tradeAmount=10025.0, instructionType=B, agreedFX=0.5, currency=SAR, instructionDate=Fri Jan 01 20:19:01 GMT 2016, settlementDate=Mon Jan 04 20:19:01 GMT 2016, units=200, pricePerUnit=100.25]
 2017-02-22 20:19:01 INFO  ReportingEngineTest:309 - Selling/Incoming Report: 
 2017-02-22 20:19:01 INFO  ReportingEngineTest:313 - Rank: 1: Instruction [instructionId=8, entity=bar, tradeAmount=14899.5, instructionType=S, agreedFX=0.22, currency=AED, instructionDate=Tue Jan 05 20:19:01 GMT 2016, settlementDate=Mon Jan 04 20:19:01 GMT 2016, units=450, pricePerUnit=150.5]
 2017-02-22 20:19:01 INFO  ReportingEngineTest:313 - Rank: 2: Instruction [instructionId=3, entity=tar, tradeAmount=10025.0, instructionType=S, agreedFX=0.5, currency=USD, instructionDate=Fri Jan 01 20:19:01 GMT 2016, settlementDate=Mon Jan 04 20:19:01 GMT 2016, units=200, pricePerUnit=100.25]
 2017-02-22 20:19:01 INFO  ReportingEngineTest:313 - Rank: 3: Instruction [instructionId=9, entity=tar, tradeAmount=10025.0, instructionType=S, agreedFX=0.5, currency=USD, instructionDate=Fri Jan 01 20:19:01 GMT 2016, settlementDate=Mon Jan 04 20:19:01 GMT 2016, units=200, pricePerUnit=100.25]
 2017-02-22 20:19:01 ERROR ReportingEngine:52 - Instruction currency or settlement date is invalid
 2017-02-22 20:19:01 ERROR ReportingEngine:52 - Instruction currency or settlement date is invalid
 2017-02-22 20:24:22 ERROR ReportingEngine:93 - Instruction Price Per Unit or unit or agreedFx is invalid
 2017-02-22 20:24:22 INFO  ReportingEngineTest:189 - Buying/Outgoing Report: 
 2017-02-22 20:24:22 INFO  ReportingEngineTest:192 - Rank: 1: Instruction [instructionId=4, entity=gar, tradeAmount=14899.5, instructionType=B, agreedFX=0.22, currency=GBP, instructionDate=Tue Jan 05 20:24:22 GMT 2016, settlementDate=Mon Jan 04 20:24:22 GMT 2016, units=450, pricePerUnit=150.5]
 2017-02-22 20:24:22 INFO  ReportingEngineTest:192 - Rank: 2: Instruction [instructionId=10, entity=gar, tradeAmount=14899.5, instructionType=B, agreedFX=0.22, currency=GBP, instructionDate=Tue Jan 05 20:24:22 GMT 2016, settlementDate=Mon Jan 04 20:24:22 GMT 2016, units=450, pricePerUnit=150.5]
 2017-02-22 20:24:22 INFO  ReportingEngineTest:192 - Rank: 3: Instruction [instructionId=1, entity=foo, tradeAmount=10025.0, instructionType=B, agreedFX=0.5, currency=SAR, instructionDate=Fri Jan 01 20:24:22 GMT 2016, settlementDate=Sun Jan 03 20:24:22 GMT 2016, units=200, pricePerUnit=100.25]
 2017-02-22 20:24:22 INFO  ReportingEngineTest:192 - Rank: 4: Instruction [instructionId=5, entity=gar, tradeAmount=10025.0, instructionType=B, agreedFX=0.5, currency=GBP, instructionDate=Fri Jan 01 20:24:22 GMT 2016, settlementDate=Tue Jan 05 20:24:22 GMT 2016, units=200, pricePerUnit=100.25]
 2017-02-22 20:24:22 INFO  ReportingEngineTest:192 - Rank: 5: Instruction [instructionId=7, entity=foo, tradeAmount=10025.0, instructionType=B, agreedFX=0.5, currency=SAR, instructionDate=Fri Jan 01 20:24:22 GMT 2016, settlementDate=Mon Jan 04 20:24:22 GMT 2016, units=200, pricePerUnit=100.25]
 2017-02-22 20:24:22 INFO  ReportingEngineTest:192 - Rank: 6: Instruction [instructionId=11, entity=gar, tradeAmount=5012.5, instructionType=B, agreedFX=0.5, currency=GBP, instructionDate=Fri Jan 01 20:24:22 GMT 2016, settlementDate=Tue Jan 05 20:24:22 GMT 2016, units=100, pricePerUnit=100.25]
 2017-02-22 20:24:22 INFO  ReportingEngineTest:196 - Selling/Incoming Report: 
 2017-02-22 20:24:22 INFO  ReportingEngineTest:199 - Rank: 1: Instruction [instructionId=2, entity=bar, tradeAmount=14899.5, instructionType=S, agreedFX=0.22, currency=AED, instructionDate=Tue Jan 05 20:24:22 GMT 2016, settlementDate=Sun Jan 03 20:24:22 GMT 2016, units=450, pricePerUnit=150.5]
 2017-02-22 20:24:22 INFO  ReportingEngineTest:199 - Rank: 2: Instruction [instructionId=6, entity=foo, tradeAmount=14899.5, instructionType=S, agreedFX=0.22, currency=SAR, instructionDate=Tue Jan 05 20:24:22 GMT 2016, settlementDate=Tue Jan 05 20:24:22 GMT 2016, units=450, pricePerUnit=150.5]
 2017-02-22 20:24:22 INFO  ReportingEngineTest:199 - Rank: 3: Instruction [instructionId=8, entity=bar, tradeAmount=14899.5, instructionType=S, agreedFX=0.22, currency=AED, instructionDate=Tue Jan 05 20:24:22 GMT 2016, settlementDate=Mon Jan 04 20:24:22 GMT 2016, units=450, pricePerUnit=150.5]
 2017-02-22 20:24:22 INFO  ReportingEngineTest:199 - Rank: 4: Instruction [instructionId=12, entity=foo, tradeAmount=13244.0, instructionType=S, agreedFX=0.22, currency=SAR, instructionDate=Tue Jan 05 20:24:22 GMT 2016, settlementDate=Tue Jan 05 20:24:22 GMT 2016, units=400, pricePerUnit=150.5]
 2017-02-22 20:24:22 INFO  ReportingEngineTest:199 - Rank: 5: Instruction [instructionId=3, entity=tar, tradeAmount=10025.0, instructionType=S, agreedFX=0.5, currency=USD, instructionDate=Fri Jan 01 20:24:22 GMT 2016, settlementDate=Mon Jan 04 20:24:22 GMT 2016, units=200, pricePerUnit=100.25]
 2017-02-22 20:24:22 INFO  ReportingEngineTest:199 - Rank: 6: Instruction [instructionId=9, entity=tar, tradeAmount=10025.0, instructionType=S, agreedFX=0.5, currency=USD, instructionDate=Fri Jan 01 20:24:22 GMT 2016, settlementDate=Mon Jan 04 20:24:22 GMT 2016, units=200, pricePerUnit=100.25]
 2017-02-22 20:24:22 ERROR ReportingEngine:93 - Instruction Price Per Unit or unit or agreedFx is invalid
 2017-02-22 20:24:22 ERROR ReportingEngine:93 - Instruction Price Per Unit or unit or agreedFx is invalid
 2017-02-22 20:24:22 ERROR ReportingEngine:31 - Instruction is null or emprty
 2017-02-22 20:24:22 INFO  ReportingEngineTest:298 - Report on : Mon Jan 04 20:24:22 GMT 2016
 2017-02-22 20:24:22 INFO  ReportingEngineTest:300 - Buying/Outgoing Report: 
 2017-02-22 20:24:22 INFO  ReportingEngineTest:304 - Rank: 1: Instruction [instructionId=4, entity=gar, tradeAmount=14899.5, instructionType=B, agreedFX=0.22, currency=GBP, instructionDate=Tue Jan 05 20:24:22 GMT 2016, settlementDate=Mon Jan 04 20:24:22 GMT 2016, units=450, pricePerUnit=150.5]
 2017-02-22 20:24:22 INFO  ReportingEngineTest:304 - Rank: 2: Instruction [instructionId=10, entity=gar, tradeAmount=14899.5, instructionType=B, agreedFX=0.22, currency=GBP, instructionDate=Tue Jan 05 20:24:22 GMT 2016, settlementDate=Mon Jan 04 20:24:22 GMT 2016, units=450, pricePerUnit=150.5]
 2017-02-22 20:24:22 INFO  ReportingEngineTest:304 - Rank: 3: Instruction [instructionId=7, entity=foo, tradeAmount=10025.0, instructionType=B, agreedFX=0.5, currency=SAR, instructionDate=Fri Jan 01 20:24:22 GMT 2016, settlementDate=Mon Jan 04 20:24:22 GMT 2016, units=200, pricePerUnit=100.25]
 2017-02-22 20:24:22 INFO  ReportingEngineTest:309 - Selling/Incoming Report: 
 2017-02-22 20:24:22 INFO  ReportingEngineTest:313 - Rank: 1: Instruction [instructionId=8, entity=bar, tradeAmount=14899.5, instructionType=S, agreedFX=0.22, currency=AED, instructionDate=Tue Jan 05 20:24:22 GMT 2016, settlementDate=Mon Jan 04 20:24:22 GMT 2016, units=450, pricePerUnit=150.5]
 2017-02-22 20:24:22 INFO  ReportingEngineTest:313 - Rank: 2: Instruction [instructionId=3, entity=tar, tradeAmount=10025.0, instructionType=S, agreedFX=0.5, currency=USD, instructionDate=Fri Jan 01 20:24:22 GMT 2016, settlementDate=Mon Jan 04 20:24:22 GMT 2016, units=200, pricePerUnit=100.25]
 2017-02-22 20:24:22 INFO  ReportingEngineTest:313 - Rank: 3: Instruction [instructionId=9, entity=tar, tradeAmount=10025.0, instructionType=S, agreedFX=0.5, currency=USD, instructionDate=Fri Jan 01 20:24:22 GMT 2016, settlementDate=Mon Jan 04 20:24:22 GMT 2016, units=200, pricePerUnit=100.25]
 2017-02-22 20:24:22 ERROR ReportingEngine:52 - Instruction currency or settlement date is invalid
 2017-02-22 20:24:22 ERROR ReportingEngine:52 - Instruction currency or settlement date is invalid
 2017-02-22 20:26:57 ERROR ReportingEngine:93 - Instruction Price Per Unit or unit or agreedFx is invalid
 2017-02-22 20:26:57 INFO  ReportingEngineTest:189 - Buying/Outgoing Report: 
 2017-02-22 20:26:57 INFO  ReportingEngineTest:192 - Rank: 1: Instruction [instructionId=4, entity=gar, tradeAmount=14899.5, instructionType=B, agreedFX=0.22, currency=GBP, instructionDate=Tue Jan 05 20:26:57 GMT 2016, settlementDate=Mon Jan 04 20:26:57 GMT 2016, units=450, pricePerUnit=150.5]
 2017-02-22 20:26:57 INFO  ReportingEngineTest:192 - Rank: 2: Instruction [instructionId=10, entity=gar, tradeAmount=14899.5, instructionType=B, agreedFX=0.22, currency=GBP, instructionDate=Tue Jan 05 20:26:57 GMT 2016, settlementDate=Mon Jan 04 20:26:57 GMT 2016, units=450, pricePerUnit=150.5]
 2017-02-22 20:26:57 INFO  ReportingEngineTest:192 - Rank: 3: Instruction [instructionId=1, entity=foo, tradeAmount=10025.0, instructionType=B, agreedFX=0.5, currency=SAR, instructionDate=Fri Jan 01 20:26:57 GMT 2016, settlementDate=Sun Jan 03 20:26:57 GMT 2016, units=200, pricePerUnit=100.25]
 2017-02-22 20:26:57 INFO  ReportingEngineTest:192 - Rank: 4: Instruction [instructionId=5, entity=gar, tradeAmount=10025.0, instructionType=B, agreedFX=0.5, currency=GBP, instructionDate=Fri Jan 01 20:26:57 GMT 2016, settlementDate=Tue Jan 05 20:26:57 GMT 2016, units=200, pricePerUnit=100.25]
 2017-02-22 20:26:57 INFO  ReportingEngineTest:192 - Rank: 5: Instruction [instructionId=7, entity=foo, tradeAmount=10025.0, instructionType=B, agreedFX=0.5, currency=SAR, instructionDate=Fri Jan 01 20:26:57 GMT 2016, settlementDate=Mon Jan 04 20:26:57 GMT 2016, units=200, pricePerUnit=100.25]
 2017-02-22 20:26:57 INFO  ReportingEngineTest:192 - Rank: 6: Instruction [instructionId=11, entity=gar, tradeAmount=5012.5, instructionType=B, agreedFX=0.5, currency=GBP, instructionDate=Fri Jan 01 20:26:57 GMT 2016, settlementDate=Tue Jan 05 20:26:57 GMT 2016, units=100, pricePerUnit=100.25]
 2017-02-22 20:26:57 INFO  ReportingEngineTest:196 - Selling/Incoming Report: 
 2017-02-22 20:26:57 INFO  ReportingEngineTest:199 - Rank: 1: Instruction [instructionId=2, entity=bar, tradeAmount=14899.5, instructionType=S, agreedFX=0.22, currency=AED, instructionDate=Tue Jan 05 20:26:57 GMT 2016, settlementDate=Sun Jan 03 20:26:57 GMT 2016, units=450, pricePerUnit=150.5]
 2017-02-22 20:26:57 INFO  ReportingEngineTest:199 - Rank: 2: Instruction [instructionId=6, entity=foo, tradeAmount=14899.5, instructionType=S, agreedFX=0.22, currency=SAR, instructionDate=Tue Jan 05 20:26:57 GMT 2016, settlementDate=Tue Jan 05 20:26:57 GMT 2016, units=450, pricePerUnit=150.5]
 2017-02-22 20:26:57 INFO  ReportingEngineTest:199 - Rank: 3: Instruction [instructionId=8, entity=bar, tradeAmount=14899.5, instructionType=S, agreedFX=0.22, currency=AED, instructionDate=Tue Jan 05 20:26:57 GMT 2016, settlementDate=Mon Jan 04 20:26:57 GMT 2016, units=450, pricePerUnit=150.5]
 2017-02-22 20:26:57 INFO  ReportingEngineTest:199 - Rank: 4: Instruction [instructionId=12, entity=foo, tradeAmount=13244.0, instructionType=S, agreedFX=0.22, currency=SAR, instructionDate=Tue Jan 05 20:26:57 GMT 2016, settlementDate=Tue Jan 05 20:26:57 GMT 2016, units=400, pricePerUnit=150.5]
 2017-02-22 20:26:57 INFO  ReportingEngineTest:199 - Rank: 5: Instruction [instructionId=3, entity=tar, tradeAmount=10025.0, instructionType=S, agreedFX=0.5, currency=USD, instructionDate=Fri Jan 01 20:26:57 GMT 2016, settlementDate=Mon Jan 04 20:26:57 GMT 2016, units=200, pricePerUnit=100.25]
 2017-02-22 20:26:57 INFO  ReportingEngineTest:199 - Rank: 6: Instruction [instructionId=9, entity=tar, tradeAmount=10025.0, instructionType=S, agreedFX=0.5, currency=USD, instructionDate=Fri Jan 01 20:26:57 GMT 2016, settlementDate=Mon Jan 04 20:26:57 GMT 2016, units=200, pricePerUnit=100.25]
 2017-02-22 20:26:57 ERROR ReportingEngine:93 - Instruction Price Per Unit or unit or agreedFx is invalid
 2017-02-22 20:26:57 ERROR ReportingEngine:93 - Instruction Price Per Unit or unit or agreedFx is invalid
 2017-02-22 20:26:57 ERROR ReportingEngine:31 - Instruction is null or emprty
 2017-02-22 20:26:57 INFO  ReportingEngineTest:298 - Report on : Mon Jan 04 20:26:57 GMT 2016
 2017-02-22 20:26:57 INFO  ReportingEngineTest:300 - Buying/Outgoing Report: 
 2017-02-22 20:26:57 INFO  ReportingEngineTest:304 - Rank: 1: Instruction [instructionId=4, entity=gar, tradeAmount=14899.5, instructionType=B, agreedFX=0.22, currency=GBP, instructionDate=Tue Jan 05 20:26:57 GMT 2016, settlementDate=Mon Jan 04 20:26:57 GMT 2016, units=450, pricePerUnit=150.5]
 2017-02-22 20:26:57 INFO  ReportingEngineTest:304 - Rank: 2: Instruction [instructionId=10, entity=gar, tradeAmount=14899.5, instructionType=B, agreedFX=0.22, currency=GBP, instructionDate=Tue Jan 05 20:26:57 GMT 2016, settlementDate=Mon Jan 04 20:26:57 GMT 2016, units=450, pricePerUnit=150.5]
 2017-02-22 20:26:57 INFO  ReportingEngineTest:304 - Rank: 3: Instruction [instructionId=7, entity=foo, tradeAmount=10025.0, instructionType=B, agreedFX=0.5, currency=SAR, instructionDate=Fri Jan 01 20:26:57 GMT 2016, settlementDate=Mon Jan 04 20:26:57 GMT 2016, units=200, pricePerUnit=100.25]
 2017-02-22 20:26:57 INFO  ReportingEngineTest:309 - Selling/Incoming Report: 
 2017-02-22 20:26:57 INFO  ReportingEngineTest:313 - Rank: 1: Instruction [instructionId=8, entity=bar, tradeAmount=14899.5, instructionType=S, agreedFX=0.22, currency=AED, instructionDate=Tue Jan 05 20:26:57 GMT 2016, settlementDate=Mon Jan 04 20:26:57 GMT 2016, units=450, pricePerUnit=150.5]
 2017-02-22 20:26:57 INFO  ReportingEngineTest:313 - Rank: 2: Instruction [instructionId=3, entity=tar, tradeAmount=10025.0, instructionType=S, agreedFX=0.5, currency=USD, instructionDate=Fri Jan 01 20:26:57 GMT 2016, settlementDate=Mon Jan 04 20:26:57 GMT 2016, units=200, pricePerUnit=100.25]
 2017-02-22 20:26:57 INFO  ReportingEngineTest:313 - Rank: 3: Instruction [instructionId=9, entity=tar, tradeAmount=10025.0, instructionType=S, agreedFX=0.5, currency=USD, instructionDate=Fri Jan 01 20:26:57 GMT 2016, settlementDate=Mon Jan 04 20:26:57 GMT 2016, units=200, pricePerUnit=100.25]
 2017-02-22 20:26:57 ERROR ReportingEngine:52 - Instruction currency or settlement date is invalid
 2017-02-22 20:26:57 ERROR ReportingEngine:52 - Instruction currency or settlement date is invalid
 